#-----------------------------------------------------------
# Vivado v2019.1 (64-bit)
# SW Build 2552052 on Fri May 24 14:49:42 MDT 2019
# IP Build 2548770 on Fri May 24 18:01:18 MDT 2019
# Start of session at: Sun Dec 28 11:38:44 2025
# Process ID: 19952
# Current directory: C:/Users/97253/OneDrive - Ariel University/Desktop/VHDL/VHDL/FFT/FFT_FPGA
# Command line: vivado.exe -gui_launcher_event rodinguilauncherevent18708 C:\Users\97253\OneDrive - Ariel University\Desktop\VHDL\VHDL\FFT\FFT_FPGA\FFT_FPGA.xpr
# Log file: C:/Users/97253/OneDrive - Ariel University/Desktop/VHDL/VHDL/FFT/FFT_FPGA/vivado.log
# Journal file: C:/Users/97253/OneDrive - Ariel University/Desktop/VHDL/VHDL/FFT/FFT_FPGA\vivado.jou
#-----------------------------------------------------------
start_gui
open_project {C:/Users/97253/OneDrive - Ariel University/Desktop/VHDL/VHDL/FFT/FFT_FPGA/FFT_FPGA.xpr}
Scanning sources...
Finished scanning sources
INFO: [IP_Flow 19-234] Refreshing IP repositories
INFO: [IP_Flow 19-1704] No user IP repositories specified
INFO: [IP_Flow 19-2313] Loaded Vivado IP repository 'C:/Xilinx/Vivado/2019.1/data/ip'.
open_project: Time (s): cpu = 00:00:16 ; elapsed = 00:00:06 . Memory (MB): peak = 711.414 ; gain = 69.141
update_compile_order -fileset sources_1
launch_simulation
boost::filesystem::remove: The process cannot access the file because it is being used by another process: "C:/Users/97253/OneDrive - Ariel University/Desktop/VHDL/VHDL/FFT/FFT_FPGA/FFT_FPGA.sim/sim_1/behav/xsim/simulate.log"
launch_simulation
boost::filesystem::remove: The process cannot access the file because it is being used by another process: "C:/Users/97253/OneDrive - Ariel University/Desktop/VHDL/VHDL/FFT/FFT_FPGA/FFT_FPGA.sim/sim_1/behav/xsim/simulate.log"
launch_simulation
boost::filesystem::remove: The process cannot access the file because it is being used by another process: "C:/Users/97253/OneDrive - Ariel University/Desktop/VHDL/VHDL/FFT/FFT_FPGA/FFT_FPGA.sim/sim_1/behav/xsim/simulate.log"
launch_simulation
boost::filesystem::remove: The process cannot access the file because it is being used by another process: "C:/Users/97253/OneDrive - Ariel University/Desktop/VHDL/VHDL/FFT/FFT_FPGA/FFT_FPGA.sim/sim_1/behav/xsim/simulate.log"
exit
INFO: [Common 17-206] Exiting Vivado at Sun Dec 28 11:45:58 2025...
